[debug] [2025-06-28T06:19:05.386Z] ----------------------------------------------------------------------
[debug] [2025-06-28T06:19:05.390Z] Command:       C:\Program Files\nodejs\node.exe C:\Users\User\AppData\Roaming\npm\node_modules\firebase-tools\lib\bin\firebase.js login --reauth
[debug] [2025-06-28T06:19:05.390Z] CLI Version:   14.9.0
[debug] [2025-06-28T06:19:05.391Z] Platform:      win32
[debug] [2025-06-28T06:19:05.391Z] Node Version:  v20.19.0
[debug] [2025-06-28T06:19:05.391Z] Time:          Sat Jun 28 2025 11:49:05 GMT+0530 (India Standard Time)
[debug] [2025-06-28T06:19:05.391Z] ----------------------------------------------------------------------
[debug] 
[info] 
[info] Visit this URL on this device to log in:
[info] https://accounts.google.com/o/oauth2/auth?client_id=563584335869-fgrhgmd47bqnekij5i8b5pr03ho849e6.apps.googleusercontent.com&scope=email%20openid%20https%3A%2F%2Fwww.googleapis.com%2Fauth%2Fcloudplatformprojects.readonly%20https%3A%2F%2Fwww.googleapis.com%2Fauth%2Ffirebase%20https%3A%2F%2Fwww.googleapis.com%2Fauth%2Fcloud-platform&response_type=code&state=173495055&redirect_uri=http%3A%2F%2Flocalhost%3A9005&login_hint=kpradeep.git%40gmail.com
[info] 
[info] Waiting for authentication...
[debug] [2025-06-28T06:19:14.091Z] >>> [apiv2][query] POST https://auth.firebase.tools/attest [none]
[debug] [2025-06-28T06:19:14.093Z] >>> [apiv2][body] POST https://auth.firebase.tools/attest {"session_id":"300b0313-fe25-4c34-8791-f1c68bae78ca"}
[debug] [2025-06-28T06:19:14.761Z] <<< [apiv2][status] POST https://auth.firebase.tools/attest 200
[debug] [2025-06-28T06:19:14.762Z] <<< [apiv2][body] POST https://auth.firebase.tools/attest {"token":"0R9K0brIq8RMSTowql0KuUK_vozJdyhSFh5z8m8EgaQ"}
[info] 
[info] To sign in to the Firebase CLI:
[info] 
[info] 1. Take note of your session ID:
[info] 
[info]    300B0
[info] 
[info] 2. Visit the URL below on any device and follow the instructions to get your code:
[info] 
[info]    https://auth.firebase.tools/login?code_challenge=wcWRpzGkJG0jrnxarlpG1CajgEBdv8Vq8iV9tEG4bBE&session=300b0313-fe25-4c34-8791-f1c68bae78ca&attest=0R9K0brIq8RMSTowql0KuUK_vozJdyhSFh5z8m8EgaQ
[info] 
[info] 3. Paste or enter the authorization code below once you have it:
[info] 
[debug] [2025-06-28T06:19:20.144Z] ExitPromptError: User force closed the prompt with SIGINT
    at Interface.sigint (C:\Users\User\AppData\Roaming\npm\node_modules\firebase-tools\node_modules\@inquirer\core\dist\commonjs\lib\create-prompt.js:101:37)
    at Interface.emit (node:events:524:28)
    at Interface.emit (node:domain:489:12)
    at [_ttyWrite] [as _ttyWrite] (node:internal/readline/interface:1125:18)
    at ReadStream.onkeypress (node:internal/readline/interface:264:20)
    at ReadStream.emit (node:events:536:35)
    at ReadStream.emit (node:domain:489:12)
    at emitKeys (node:internal/readline/utils:371:14)
    at emitKeys.next (<anonymous>)
    at ReadStream.onData (node:internal/readline/emitKeypressEvents:64:36)
[error] 
[error] Error: An unexpected error has occurred.
